<?xml version="1.0" encoding="UTF-8"?>
<testsuite xmlns:xsi="http://www.w3.org/2001/XMLSchema-instance" xsi:noNamespaceSchemaLocation="https://maven.apache.org/surefire/maven-surefire-plugin/xsd/surefire-test-report.xsd" version="3.0.2" name="grpc.hotel.HotelApplicationTests" time="1.122" tests="1" errors="0" skipped="0" failures="0">
  <properties>
    <property name="java.specification.version" value="21"/>
    <property name="sun.jnu.encoding" value="UTF-8"/>
    <property name="java.class.path" value="/home/flv/Documents/TP4/hotel/target/test-classes:/home/flv/Documents/TP4/hotel/target/classes:/home/flv/.m2/repository/org/springframework/boot/spring-boot-starter/3.4.0/spring-boot-starter-3.4.0.jar:/home/flv/.m2/repository/org/springframework/boot/spring-boot/3.4.0/spring-boot-3.4.0.jar:/home/flv/.m2/repository/org/springframework/spring-context/6.2.0/spring-context-6.2.0.jar:/home/flv/.m2/repository/org/springframework/spring-aop/6.2.0/spring-aop-6.2.0.jar:/home/flv/.m2/repository/org/springframework/spring-beans/6.2.0/spring-beans-6.2.0.jar:/home/flv/.m2/repository/org/springframework/spring-expression/6.2.0/spring-expression-6.2.0.jar:/home/flv/.m2/repository/io/micrometer/micrometer-observation/1.14.1/micrometer-observation-1.14.1.jar:/home/flv/.m2/repository/io/micrometer/micrometer-commons/1.14.1/micrometer-commons-1.14.1.jar:/home/flv/.m2/repository/org/springframework/boot/spring-boot-autoconfigure/3.4.0/spring-boot-autoconfigure-3.4.0.jar:/home/flv/.m2/repository/org/springframework/boot/spring-boot-starter-logging/3.4.0/spring-boot-starter-logging-3.4.0.jar:/home/flv/.m2/repository/ch/qos/logback/logback-classic/1.5.12/logback-classic-1.5.12.jar:/home/flv/.m2/repository/ch/qos/logback/logback-core/1.5.12/logback-core-1.5.12.jar:/home/flv/.m2/repository/org/apache/logging/log4j/log4j-to-slf4j/2.24.1/log4j-to-slf4j-2.24.1.jar:/home/flv/.m2/repository/org/apache/logging/log4j/log4j-api/2.24.1/log4j-api-2.24.1.jar:/home/flv/.m2/repository/org/slf4j/jul-to-slf4j/2.0.16/jul-to-slf4j-2.0.16.jar:/home/flv/.m2/repository/jakarta/annotation/jakarta.annotation-api/2.1.1/jakarta.annotation-api-2.1.1.jar:/home/flv/.m2/repository/org/springframework/spring-core/6.2.0/spring-core-6.2.0.jar:/home/flv/.m2/repository/org/springframework/spring-jcl/6.2.0/spring-jcl-6.2.0.jar:/home/flv/.m2/repository/org/yaml/snakeyaml/2.3/snakeyaml-2.3.jar:/home/flv/.m2/repository/tp-grpc/commons/0.0.1-SNAPSHOT/commons-0.0.1-SNAPSHOT.jar:/home/flv/.m2/repository/org/springframework/boot/spring-boot-starter-test/3.4.0/spring-boot-starter-test-3.4.0.jar:/home/flv/.m2/repository/org/springframework/boot/spring-boot-test/3.4.0/spring-boot-test-3.4.0.jar:/home/flv/.m2/repository/org/springframework/boot/spring-boot-test-autoconfigure/3.4.0/spring-boot-test-autoconfigure-3.4.0.jar:/home/flv/.m2/repository/com/jayway/jsonpath/json-path/2.9.0/json-path-2.9.0.jar:/home/flv/.m2/repository/jakarta/xml/bind/jakarta.xml.bind-api/4.0.2/jakarta.xml.bind-api-4.0.2.jar:/home/flv/.m2/repository/jakarta/activation/jakarta.activation-api/2.1.3/jakarta.activation-api-2.1.3.jar:/home/flv/.m2/repository/net/minidev/json-smart/2.5.1/json-smart-2.5.1.jar:/home/flv/.m2/repository/net/minidev/accessors-smart/2.5.1/accessors-smart-2.5.1.jar:/home/flv/.m2/repository/org/ow2/asm/asm/9.6/asm-9.6.jar:/home/flv/.m2/repository/org/assertj/assertj-core/3.26.3/assertj-core-3.26.3.jar:/home/flv/.m2/repository/net/bytebuddy/byte-buddy/1.15.10/byte-buddy-1.15.10.jar:/home/flv/.m2/repository/org/awaitility/awaitility/4.2.2/awaitility-4.2.2.jar:/home/flv/.m2/repository/org/hamcrest/hamcrest/2.2/hamcrest-2.2.jar:/home/flv/.m2/repository/org/junit/jupiter/junit-jupiter/5.11.3/junit-jupiter-5.11.3.jar:/home/flv/.m2/repository/org/junit/jupiter/junit-jupiter-api/5.11.3/junit-jupiter-api-5.11.3.jar:/home/flv/.m2/repository/org/opentest4j/opentest4j/1.3.0/opentest4j-1.3.0.jar:/home/flv/.m2/repository/org/junit/platform/junit-platform-commons/1.11.3/junit-platform-commons-1.11.3.jar:/home/flv/.m2/repository/org/apiguardian/apiguardian-api/1.1.2/apiguardian-api-1.1.2.jar:/home/flv/.m2/repository/org/junit/jupiter/junit-jupiter-params/5.11.3/junit-jupiter-params-5.11.3.jar:/home/flv/.m2/repository/org/junit/jupiter/junit-jupiter-engine/5.11.3/junit-jupiter-engine-5.11.3.jar:/home/flv/.m2/repository/org/junit/platform/junit-platform-engine/1.11.3/junit-platform-engine-1.11.3.jar:/home/flv/.m2/repository/org/mockito/mockito-core/5.14.2/mockito-core-5.14.2.jar:/home/flv/.m2/repository/net/bytebuddy/byte-buddy-agent/1.15.10/byte-buddy-agent-1.15.10.jar:/home/flv/.m2/repository/org/objenesis/objenesis/3.3/objenesis-3.3.jar:/home/flv/.m2/repository/org/mockito/mockito-junit-jupiter/5.14.2/mockito-junit-jupiter-5.14.2.jar:/home/flv/.m2/repository/org/skyscreamer/jsonassert/1.5.3/jsonassert-1.5.3.jar:/home/flv/.m2/repository/com/vaadin/external/google/android-json/0.0.20131108.vaadin1/android-json-0.0.20131108.vaadin1.jar:/home/flv/.m2/repository/org/springframework/spring-test/6.2.0/spring-test-6.2.0.jar:/home/flv/.m2/repository/org/xmlunit/xmlunit-core/2.10.0/xmlunit-core-2.10.0.jar:/home/flv/.m2/repository/io/grpc/grpc-stub/1.68.1/grpc-stub-1.68.1.jar:/home/flv/.m2/repository/io/grpc/grpc-api/1.68.1/grpc-api-1.68.1.jar:/home/flv/.m2/repository/com/google/guava/guava/33.3.1-jre/guava-33.3.1-jre.jar:/home/flv/.m2/repository/com/google/guava/failureaccess/1.0.2/failureaccess-1.0.2.jar:/home/flv/.m2/repository/com/google/guava/listenablefuture/9999.0-empty-to-avoid-conflict-with-guava/listenablefuture-9999.0-empty-to-avoid-conflict-with-guava.jar:/home/flv/.m2/repository/org/checkerframework/checker-qual/3.43.0/checker-qual-3.43.0.jar:/home/flv/.m2/repository/com/google/j2objc/j2objc-annotations/3.0.0/j2objc-annotations-3.0.0.jar:/home/flv/.m2/repository/com/google/errorprone/error_prone_annotations/2.28.0/error_prone_annotations-2.28.0.jar:/home/flv/.m2/repository/io/grpc/grpc-protobuf/1.68.1/grpc-protobuf-1.68.1.jar:/home/flv/.m2/repository/com/google/code/findbugs/jsr305/3.0.2/jsr305-3.0.2.jar:/home/flv/.m2/repository/com/google/api/grpc/proto-google-common-protos/2.41.0/proto-google-common-protos-2.41.0.jar:/home/flv/.m2/repository/io/grpc/grpc-protobuf-lite/1.68.1/grpc-protobuf-lite-1.68.1.jar:/home/flv/.m2/repository/io/grpc/grpc-netty-shaded/1.68.1/grpc-netty-shaded-1.68.1.jar:/home/flv/.m2/repository/io/grpc/grpc-util/1.68.1/grpc-util-1.68.1.jar:/home/flv/.m2/repository/org/codehaus/mojo/animal-sniffer-annotations/1.24/animal-sniffer-annotations-1.24.jar:/home/flv/.m2/repository/io/grpc/grpc-core/1.68.1/grpc-core-1.68.1.jar:/home/flv/.m2/repository/com/google/code/gson/gson/2.11.0/gson-2.11.0.jar:/home/flv/.m2/repository/com/google/android/annotations/4.1.1.4/annotations-4.1.1.4.jar:/home/flv/.m2/repository/io/grpc/grpc-context/1.68.1/grpc-context-1.68.1.jar:/home/flv/.m2/repository/io/perfmark/perfmark-api/0.27.0/perfmark-api-0.27.0.jar:/home/flv/.m2/repository/org/slf4j/slf4j-simple/2.0.16/slf4j-simple-2.0.16.jar:/home/flv/.m2/repository/org/slf4j/slf4j-api/2.0.16/slf4j-api-2.0.16.jar:/home/flv/.m2/repository/kr/motd/maven/os-maven-plugin/1.7.1/os-maven-plugin-1.7.1.jar:/home/flv/.m2/repository/org/apache/maven/maven-plugin-api/3.5.3/maven-plugin-api-3.5.3.jar:/home/flv/.m2/repository/org/apache/maven/maven-model/3.5.3/maven-model-3.5.3.jar:/home/flv/.m2/repository/org/apache/commons/commons-lang3/3.17.0/commons-lang3-3.17.0.jar:/home/flv/.m2/repository/org/apache/maven/maven-artifact/3.5.3/maven-artifact-3.5.3.jar:/home/flv/.m2/repository/org/eclipse/sisu/org.eclipse.sisu.plexus/0.3.3/org.eclipse.sisu.plexus-0.3.3.jar:/home/flv/.m2/repository/javax/enterprise/cdi-api/1.0/cdi-api-1.0.jar:/home/flv/.m2/repository/javax/annotation/jsr250-api/1.0/jsr250-api-1.0.jar:/home/flv/.m2/repository/javax/inject/javax.inject/1/javax.inject-1.jar:/home/flv/.m2/repository/org/eclipse/sisu/org.eclipse.sisu.inject/0.3.3/org.eclipse.sisu.inject-0.3.3.jar:/home/flv/.m2/repository/org/codehaus/plexus/plexus-component-annotations/1.5.5/plexus-component-annotations-1.5.5.jar:/home/flv/.m2/repository/org/codehaus/plexus/plexus-classworlds/2.5.2/plexus-classworlds-2.5.2.jar:/home/flv/.m2/repository/org/codehaus/plexus/plexus-utils/3.1.0/plexus-utils-3.1.0.jar:/home/flv/.m2/repository/net/devh/grpc-server-spring-boot-starter/3.1.0.RELEASE/grpc-server-spring-boot-starter-3.1.0.RELEASE.jar:/home/flv/.m2/repository/net/devh/grpc-common-spring-boot/3.1.0.RELEASE/grpc-common-spring-boot-3.1.0.RELEASE.jar:/home/flv/.m2/repository/io/grpc/grpc-inprocess/1.63.0/grpc-inprocess-1.63.0.jar:/home/flv/.m2/repository/io/grpc/grpc-services/1.63.0/grpc-services-1.63.0.jar:/home/flv/.m2/repository/com/google/protobuf/protobuf-java-util/3.25.1/protobuf-java-util-3.25.1.jar:/home/flv/.m2/repository/com/google/protobuf/protobuf-java/4.29.1/protobuf-java-4.29.1.jar:"/>
    <property name="java.vm.vendor" value="Ubuntu"/>
    <property name="sun.arch.data.model" value="64"/>
    <property name="java.vendor.url" value="https://ubuntu.com/"/>
    <property name="user.timezone" value="Europe/Paris"/>
    <property name="os.name" value="Linux"/>
    <property name="java.vm.specification.version" value="21"/>
    <property name="APPLICATION_NAME" value="hotel"/>
    <property name="sun.java.launcher" value="SUN_STANDARD"/>
    <property name="user.country" value="FR"/>
    <property name="sun.boot.library.path" value="/usr/lib/jvm/java-21-openjdk-amd64/lib"/>
    <property name="sun.java.command" value="/home/flv/Documents/TP4/hotel/target/surefire/surefirebooter-20241216194528786_3.jar /home/flv/Documents/TP4/hotel/target/surefire 2024-12-16T19-45-28_739-jvmRun1 surefire-20241216194528786_1tmp surefire_0-20241216194528786_2tmp"/>
    <property name="jdk.debug" value="release"/>
    <property name="surefire.test.class.path" value="/home/flv/Documents/TP4/hotel/target/test-classes:/home/flv/Documents/TP4/hotel/target/classes:/home/flv/.m2/repository/org/springframework/boot/spring-boot-starter/3.4.0/spring-boot-starter-3.4.0.jar:/home/flv/.m2/repository/org/springframework/boot/spring-boot/3.4.0/spring-boot-3.4.0.jar:/home/flv/.m2/repository/org/springframework/spring-context/6.2.0/spring-context-6.2.0.jar:/home/flv/.m2/repository/org/springframework/spring-aop/6.2.0/spring-aop-6.2.0.jar:/home/flv/.m2/repository/org/springframework/spring-beans/6.2.0/spring-beans-6.2.0.jar:/home/flv/.m2/repository/org/springframework/spring-expression/6.2.0/spring-expression-6.2.0.jar:/home/flv/.m2/repository/io/micrometer/micrometer-observation/1.14.1/micrometer-observation-1.14.1.jar:/home/flv/.m2/repository/io/micrometer/micrometer-commons/1.14.1/micrometer-commons-1.14.1.jar:/home/flv/.m2/repository/org/springframework/boot/spring-boot-autoconfigure/3.4.0/spring-boot-autoconfigure-3.4.0.jar:/home/flv/.m2/repository/org/springframework/boot/spring-boot-starter-logging/3.4.0/spring-boot-starter-logging-3.4.0.jar:/home/flv/.m2/repository/ch/qos/logback/logback-classic/1.5.12/logback-classic-1.5.12.jar:/home/flv/.m2/repository/ch/qos/logback/logback-core/1.5.12/logback-core-1.5.12.jar:/home/flv/.m2/repository/org/apache/logging/log4j/log4j-to-slf4j/2.24.1/log4j-to-slf4j-2.24.1.jar:/home/flv/.m2/repository/org/apache/logging/log4j/log4j-api/2.24.1/log4j-api-2.24.1.jar:/home/flv/.m2/repository/org/slf4j/jul-to-slf4j/2.0.16/jul-to-slf4j-2.0.16.jar:/home/flv/.m2/repository/jakarta/annotation/jakarta.annotation-api/2.1.1/jakarta.annotation-api-2.1.1.jar:/home/flv/.m2/repository/org/springframework/spring-core/6.2.0/spring-core-6.2.0.jar:/home/flv/.m2/repository/org/springframework/spring-jcl/6.2.0/spring-jcl-6.2.0.jar:/home/flv/.m2/repository/org/yaml/snakeyaml/2.3/snakeyaml-2.3.jar:/home/flv/.m2/repository/tp-grpc/commons/0.0.1-SNAPSHOT/commons-0.0.1-SNAPSHOT.jar:/home/flv/.m2/repository/org/springframework/boot/spring-boot-starter-test/3.4.0/spring-boot-starter-test-3.4.0.jar:/home/flv/.m2/repository/org/springframework/boot/spring-boot-test/3.4.0/spring-boot-test-3.4.0.jar:/home/flv/.m2/repository/org/springframework/boot/spring-boot-test-autoconfigure/3.4.0/spring-boot-test-autoconfigure-3.4.0.jar:/home/flv/.m2/repository/com/jayway/jsonpath/json-path/2.9.0/json-path-2.9.0.jar:/home/flv/.m2/repository/jakarta/xml/bind/jakarta.xml.bind-api/4.0.2/jakarta.xml.bind-api-4.0.2.jar:/home/flv/.m2/repository/jakarta/activation/jakarta.activation-api/2.1.3/jakarta.activation-api-2.1.3.jar:/home/flv/.m2/repository/net/minidev/json-smart/2.5.1/json-smart-2.5.1.jar:/home/flv/.m2/repository/net/minidev/accessors-smart/2.5.1/accessors-smart-2.5.1.jar:/home/flv/.m2/repository/org/ow2/asm/asm/9.6/asm-9.6.jar:/home/flv/.m2/repository/org/assertj/assertj-core/3.26.3/assertj-core-3.26.3.jar:/home/flv/.m2/repository/net/bytebuddy/byte-buddy/1.15.10/byte-buddy-1.15.10.jar:/home/flv/.m2/repository/org/awaitility/awaitility/4.2.2/awaitility-4.2.2.jar:/home/flv/.m2/repository/org/hamcrest/hamcrest/2.2/hamcrest-2.2.jar:/home/flv/.m2/repository/org/junit/jupiter/junit-jupiter/5.11.3/junit-jupiter-5.11.3.jar:/home/flv/.m2/repository/org/junit/jupiter/junit-jupiter-api/5.11.3/junit-jupiter-api-5.11.3.jar:/home/flv/.m2/repository/org/opentest4j/opentest4j/1.3.0/opentest4j-1.3.0.jar:/home/flv/.m2/repository/org/junit/platform/junit-platform-commons/1.11.3/junit-platform-commons-1.11.3.jar:/home/flv/.m2/repository/org/apiguardian/apiguardian-api/1.1.2/apiguardian-api-1.1.2.jar:/home/flv/.m2/repository/org/junit/jupiter/junit-jupiter-params/5.11.3/junit-jupiter-params-5.11.3.jar:/home/flv/.m2/repository/org/junit/jupiter/junit-jupiter-engine/5.11.3/junit-jupiter-engine-5.11.3.jar:/home/flv/.m2/repository/org/junit/platform/junit-platform-engine/1.11.3/junit-platform-engine-1.11.3.jar:/home/flv/.m2/repository/org/mockito/mockito-core/5.14.2/mockito-core-5.14.2.jar:/home/flv/.m2/repository/net/bytebuddy/byte-buddy-agent/1.15.10/byte-buddy-agent-1.15.10.jar:/home/flv/.m2/repository/org/objenesis/objenesis/3.3/objenesis-3.3.jar:/home/flv/.m2/repository/org/mockito/mockito-junit-jupiter/5.14.2/mockito-junit-jupiter-5.14.2.jar:/home/flv/.m2/repository/org/skyscreamer/jsonassert/1.5.3/jsonassert-1.5.3.jar:/home/flv/.m2/repository/com/vaadin/external/google/android-json/0.0.20131108.vaadin1/android-json-0.0.20131108.vaadin1.jar:/home/flv/.m2/repository/org/springframework/spring-test/6.2.0/spring-test-6.2.0.jar:/home/flv/.m2/repository/org/xmlunit/xmlunit-core/2.10.0/xmlunit-core-2.10.0.jar:/home/flv/.m2/repository/io/grpc/grpc-stub/1.68.1/grpc-stub-1.68.1.jar:/home/flv/.m2/repository/io/grpc/grpc-api/1.68.1/grpc-api-1.68.1.jar:/home/flv/.m2/repository/com/google/guava/guava/33.3.1-jre/guava-33.3.1-jre.jar:/home/flv/.m2/repository/com/google/guava/failureaccess/1.0.2/failureaccess-1.0.2.jar:/home/flv/.m2/repository/com/google/guava/listenablefuture/9999.0-empty-to-avoid-conflict-with-guava/listenablefuture-9999.0-empty-to-avoid-conflict-with-guava.jar:/home/flv/.m2/repository/org/checkerframework/checker-qual/3.43.0/checker-qual-3.43.0.jar:/home/flv/.m2/repository/com/google/j2objc/j2objc-annotations/3.0.0/j2objc-annotations-3.0.0.jar:/home/flv/.m2/repository/com/google/errorprone/error_prone_annotations/2.28.0/error_prone_annotations-2.28.0.jar:/home/flv/.m2/repository/io/grpc/grpc-protobuf/1.68.1/grpc-protobuf-1.68.1.jar:/home/flv/.m2/repository/com/google/code/findbugs/jsr305/3.0.2/jsr305-3.0.2.jar:/home/flv/.m2/repository/com/google/api/grpc/proto-google-common-protos/2.41.0/proto-google-common-protos-2.41.0.jar:/home/flv/.m2/repository/io/grpc/grpc-protobuf-lite/1.68.1/grpc-protobuf-lite-1.68.1.jar:/home/flv/.m2/repository/io/grpc/grpc-netty-shaded/1.68.1/grpc-netty-shaded-1.68.1.jar:/home/flv/.m2/repository/io/grpc/grpc-util/1.68.1/grpc-util-1.68.1.jar:/home/flv/.m2/repository/org/codehaus/mojo/animal-sniffer-annotations/1.24/animal-sniffer-annotations-1.24.jar:/home/flv/.m2/repository/io/grpc/grpc-core/1.68.1/grpc-core-1.68.1.jar:/home/flv/.m2/repository/com/google/code/gson/gson/2.11.0/gson-2.11.0.jar:/home/flv/.m2/repository/com/google/android/annotations/4.1.1.4/annotations-4.1.1.4.jar:/home/flv/.m2/repository/io/grpc/grpc-context/1.68.1/grpc-context-1.68.1.jar:/home/flv/.m2/repository/io/perfmark/perfmark-api/0.27.0/perfmark-api-0.27.0.jar:/home/flv/.m2/repository/org/slf4j/slf4j-simple/2.0.16/slf4j-simple-2.0.16.jar:/home/flv/.m2/repository/org/slf4j/slf4j-api/2.0.16/slf4j-api-2.0.16.jar:/home/flv/.m2/repository/kr/motd/maven/os-maven-plugin/1.7.1/os-maven-plugin-1.7.1.jar:/home/flv/.m2/repository/org/apache/maven/maven-plugin-api/3.5.3/maven-plugin-api-3.5.3.jar:/home/flv/.m2/repository/org/apache/maven/maven-model/3.5.3/maven-model-3.5.3.jar:/home/flv/.m2/repository/org/apache/commons/commons-lang3/3.17.0/commons-lang3-3.17.0.jar:/home/flv/.m2/repository/org/apache/maven/maven-artifact/3.5.3/maven-artifact-3.5.3.jar:/home/flv/.m2/repository/org/eclipse/sisu/org.eclipse.sisu.plexus/0.3.3/org.eclipse.sisu.plexus-0.3.3.jar:/home/flv/.m2/repository/javax/enterprise/cdi-api/1.0/cdi-api-1.0.jar:/home/flv/.m2/repository/javax/annotation/jsr250-api/1.0/jsr250-api-1.0.jar:/home/flv/.m2/repository/javax/inject/javax.inject/1/javax.inject-1.jar:/home/flv/.m2/repository/org/eclipse/sisu/org.eclipse.sisu.inject/0.3.3/org.eclipse.sisu.inject-0.3.3.jar:/home/flv/.m2/repository/org/codehaus/plexus/plexus-component-annotations/1.5.5/plexus-component-annotations-1.5.5.jar:/home/flv/.m2/repository/org/codehaus/plexus/plexus-classworlds/2.5.2/plexus-classworlds-2.5.2.jar:/home/flv/.m2/repository/org/codehaus/plexus/plexus-utils/3.1.0/plexus-utils-3.1.0.jar:/home/flv/.m2/repository/net/devh/grpc-server-spring-boot-starter/3.1.0.RELEASE/grpc-server-spring-boot-starter-3.1.0.RELEASE.jar:/home/flv/.m2/repository/net/devh/grpc-common-spring-boot/3.1.0.RELEASE/grpc-common-spring-boot-3.1.0.RELEASE.jar:/home/flv/.m2/repository/io/grpc/grpc-inprocess/1.63.0/grpc-inprocess-1.63.0.jar:/home/flv/.m2/repository/io/grpc/grpc-services/1.63.0/grpc-services-1.63.0.jar:/home/flv/.m2/repository/com/google/protobuf/protobuf-java-util/3.25.1/protobuf-java-util-3.25.1.jar:/home/flv/.m2/repository/com/google/protobuf/protobuf-java/4.29.1/protobuf-java-4.29.1.jar:"/>
    <property name="sun.cpu.endian" value="little"/>
    <property name="user.home" value="/home/flv"/>
    <property name="user.language" value="fr"/>
    <property name="java.specification.vendor" value="Oracle Corporation"/>
    <property name="java.version.date" value="2024-10-15"/>
    <property name="java.home" value="/usr/lib/jvm/java-21-openjdk-amd64"/>
    <property name="file.separator" value="/"/>
    <property name="basedir" value="/home/flv/Documents/TP4/hotel"/>
    <property name="java.vm.compressedOopsMode" value="Zero based"/>
    <property name="line.separator" value="&#10;"/>
    <property name="java.vm.specification.vendor" value="Oracle Corporation"/>
    <property name="java.specification.name" value="Java Platform API Specification"/>
    <property name="FILE_LOG_CHARSET" value="UTF-8"/>
    <property name="java.awt.headless" value="true"/>
    <property name="surefire.real.class.path" value="/home/flv/Documents/TP4/hotel/target/surefire/surefirebooter-20241216194528786_3.jar"/>
    <property name="sun.management.compiler" value="HotSpot 64-Bit Tiered Compilers"/>
    <property name="java.runtime.version" value="21.0.5+11-Ubuntu-1ubuntu122.04"/>
    <property name="user.name" value="flv"/>
    <property name="stdout.encoding" value="UTF-8"/>
    <property name="path.separator" value=":"/>
    <property name="os.version" value="6.8.0-47-generic"/>
    <property name="java.runtime.name" value="OpenJDK Runtime Environment"/>
    <property name="file.encoding" value="UTF-8"/>
    <property name="java.vm.name" value="OpenJDK 64-Bit Server VM"/>
    <property name="localRepository" value="/home/flv/.m2/repository"/>
    <property name="java.vendor.url.bug" value="https://bugs.launchpad.net/ubuntu/+source/openjdk-21"/>
    <property name="java.io.tmpdir" value="/tmp"/>
    <property name="java.version" value="21.0.5"/>
    <property name="user.dir" value="/home/flv/Documents/TP4/hotel"/>
    <property name="os.arch" value="amd64"/>
    <property name="java.vm.specification.name" value="Java Virtual Machine Specification"/>
    <property name="PID" value="246444"/>
    <property name="CONSOLE_LOG_CHARSET" value="UTF-8"/>
    <property name="native.encoding" value="UTF-8"/>
    <property name="java.library.path" value="/usr/java/packages/lib:/usr/lib/x86_64-linux-gnu/jni:/lib/x86_64-linux-gnu:/usr/lib/x86_64-linux-gnu:/usr/lib/jni:/lib:/usr/lib"/>
    <property name="java.vm.info" value="mixed mode, sharing"/>
    <property name="stderr.encoding" value="UTF-8"/>
    <property name="java.vendor" value="Ubuntu"/>
    <property name="java.vm.version" value="21.0.5+11-Ubuntu-1ubuntu122.04"/>
    <property name="sun.io.unicode.encoding" value="UnicodeLittle"/>
    <property name="java.class.version" value="65.0"/>
    <property name="LOGGED_APPLICATION_NAME" value="[hotel] "/>
  </properties>
  <testcase name="contextLoads" classname="grpc.hotel.HotelApplicationTests" time="0.369">
    <system-out><![CDATA[19:45:29.140 [main] INFO org.springframework.test.context.support.AnnotationConfigContextLoaderUtils -- Could not detect default configuration classes for test class [grpc.hotel.HotelApplicationTests]: HotelApplicationTests does not declare any static, non-private, non-final, nested classes annotated with @Configuration.
19:45:29.211 [main] INFO org.springframework.boot.test.context.SpringBootTestContextBootstrapper -- Found @SpringBootConfiguration grpc.hotel.HotelApplication for test class grpc.hotel.HotelApplicationTests

  .   ____          _            __ _ _
 /\\ / ___'_ __ _ _(_)_ __  __ _ \ \ \ \
( ( )\___ | '_ | '_| | '_ \/ _` | \ \ \ \
 \\/  ___)| |_)| | | | | || (_| |  ) ) ) )
  '  |____| .__|_| |_|_| |_\__, | / / / /
 =========|_|==============|___/=/_/_/_/

 :: Spring Boot ::                (v3.4.0)

2024-12-16T19:45:29.380+01:00  INFO 246444 --- [hotel] [           main] grpc.hotel.HotelApplicationTests         : Starting HotelApplicationTests using Java 21.0.5 with PID 246444 (started by flv in /home/flv/Documents/TP4/hotel)
2024-12-16T19:45:29.381+01:00  INFO 246444 --- [hotel] [           main] grpc.hotel.HotelApplicationTests         : No active profile set, falling back to 1 default profile: "default"
2024-12-16T19:45:29.625+01:00  INFO 246444 --- [hotel] [           main] g.s.a.GrpcServerFactoryAutoConfiguration : Detected grpc-netty-shaded: Creating ShadedNettyGrpcServerFactory
2024-12-16T19:45:29.752+01:00  INFO 246444 --- [hotel] [           main] n.d.b.g.s.s.AbstractGrpcServerFactory    : Registered gRPC service: grpc.health.v1.Health, bean: grpcHealthService, class: io.grpc.protobuf.services.HealthServiceImpl
2024-12-16T19:45:29.752+01:00  INFO 246444 --- [hotel] [           main] n.d.b.g.s.s.AbstractGrpcServerFactory    : Registered gRPC service: grpc.reflection.v1alpha.ServerReflection, bean: protoReflectionService, class: io.grpc.protobuf.services.ProtoReflectionService
2024-12-16T19:45:29.808+01:00  INFO 246444 --- [hotel] [           main] n.d.b.g.s.s.GrpcServerLifecycle          : gRPC Server started, listening on address: *, port: 9091
2024-12-16T19:45:29.812+01:00  INFO 246444 --- [hotel] [           main] grpc.hotel.HotelApplicationTests         : Started HotelApplicationTests in 0.552 seconds (process running for 0.98)
]]></system-out>
    <system-err><![CDATA[SLF4J(W): Class path contains multiple SLF4J providers.
SLF4J(W): Found provider [ch.qos.logback.classic.spi.LogbackServiceProvider@206a70ef]
SLF4J(W): Found provider [org.slf4j.simple.SimpleServiceProvider@292b08d6]
SLF4J(W): See https://www.slf4j.org/codes.html#multiple_bindings for an explanation.
SLF4J(I): Actual provider is of type [ch.qos.logback.classic.spi.LogbackServiceProvider@206a70ef]
Mockito is currently self-attaching to enable the inline-mock-maker. This will no longer work in future releases of the JDK. Please add Mockito as an agent to your build what is described in Mockito's documentation: https://javadoc.io/doc/org.mockito/mockito-core/latest/org/mockito/Mockito.html#0.3
WARNING: A Java agent has been loaded dynamically (/home/flv/.m2/repository/net/bytebuddy/byte-buddy-agent/1.15.10/byte-buddy-agent-1.15.10.jar)
WARNING: If a serviceability tool is in use, please run with -XX:+EnableDynamicAgentLoading to hide this warning
WARNING: If a serviceability tool is not in use, please run with -Djdk.instrument.traceUsage for more information
WARNING: Dynamic loading of agents will be disallowed by default in a future release
]]></system-err>
  </testcase>
</testsuite>